android/app/build/intermediates/manifest_merge_blame_file/debug/manifest-merger-blame-debug-report.txt
1<?xml version="1.0" encoding="utf-8"?>
2<manifest xmlns:android="http://schemas.android.com/apk/res/android"
3    package="com.example.ease_scan"
4    android:versionCode="1"
5    android:versionName="1.0.0" >
6
7    <uses-sdk
8        android:minSdkVersion="21"
9        android:targetSdkVersion="33" />
10    <!--
11         The INTERNET permission is required for development. Specifically,
12         the Flutter tool needs it to communicate with the running application
13         to allow setting breakpoints, to provide hot reload, etc.
14    -->
15    <uses-permission android:name="android.permission.INTERNET" />
15-->src\debug\AndroidManifest.xml:6:5-66
15-->src\debug\AndroidManifest.xml:6:22-64
16    <!-- for android 13 and above -->
17    <uses-permission android:name="android.permission.READ_MEDIA_IMAGES" /> <!-- For Images -->
17-->src\main\AndroidManifest.xml:4:5-76
17-->src\main\AndroidManifest.xml:4:22-73
18    <!-- for below android 13 -->
19    <uses-permission android:name="android.permission.MANAGE_EXTERNAL_STORAGE" />
19-->src\main\AndroidManifest.xml:6:5-82
19-->src\main\AndroidManifest.xml:6:22-79
20    <uses-permission android:name="android.permission.READ_EXTERNAL_STORAGE" />
20-->src\main\AndroidManifest.xml:7:5-79
20-->src\main\AndroidManifest.xml:7:22-77
21    <uses-permission android:name="android.permission.CAMERA" />
21-->src\main\AndroidManifest.xml:8:5-65
21-->src\main\AndroidManifest.xml:8:22-62
22    <!--
23 Required to query activities that can process text, see:
24         https://developer.android.com/training/package-visibility?hl=en and
25         https://developer.android.com/reference/android/content/Intent#ACTION_PROCESS_TEXT.
26
27         In particular, this is used by the Flutter engine in io.flutter.plugin.text.ProcessTextPlugin.
28    -->
29    <queries>
29-->src\main\AndroidManifest.xml:48:5-53:15
30        <intent>
30-->src\main\AndroidManifest.xml:49:9-52:18
31            <action android:name="android.intent.action.PROCESS_TEXT" />
31-->src\main\AndroidManifest.xml:50:13-72
31-->src\main\AndroidManifest.xml:50:21-70
32
33            <data android:mimeType="text/plain" />
33-->src\main\AndroidManifest.xml:51:13-50
33-->src\main\AndroidManifest.xml:51:19-48
34        </intent>
35    </queries>
36
37    <uses-feature
37-->[:edge_detection] AndroidManifest.xml:11:5-13:35
38        android:name="android.hardware.camera.any"
38-->[:edge_detection] AndroidManifest.xml:12:9-51
39        android:required="true" />
39-->[:edge_detection] AndroidManifest.xml:13:9-32
40
41    <uses-permission
41-->[:edge_detection] AndroidManifest.xml:15:5-19:44
42        android:name="android.permission.FLASHLIGHT"
42-->[:edge_detection] AndroidManifest.xml:16:9-53
43        android:maxSdkVersion="30"
43-->[:edge_detection] AndroidManifest.xml:17:9-35
44        android:permissionGroup="android.permission-group.HARDWARE_CONTROLS"
44-->[:edge_detection] AndroidManifest.xml:18:9-77
45        android:protectionLevel="normal" />
45-->[:edge_detection] AndroidManifest.xml:19:9-41
46
47    <permission
47-->[androidx.core:core:1.9.0] AndroidManifest.xml:22:5-24:47
48        android:name="com.example.ease_scan.DYNAMIC_RECEIVER_NOT_EXPORTED_PERMISSION"
48-->[androidx.core:core:1.9.0] AndroidManifest.xml:23:9-81
49        android:protectionLevel="signature" />
49-->[androidx.core:core:1.9.0] AndroidManifest.xml:24:9-44
50
51    <uses-permission android:name="com.example.ease_scan.DYNAMIC_RECEIVER_NOT_EXPORTED_PERMISSION" />
51-->[androidx.core:core:1.9.0] AndroidManifest.xml:26:5-97
51-->[androidx.core:core:1.9.0] AndroidManifest.xml:26:22-94
52
53    <application
54        android:name="android.app.Application"
55        android:allowBackup="false"
55-->[:edge_detection] AndroidManifest.xml:22:9-36
56        android:appComponentFactory="androidx.core.app.CoreComponentFactory"
56-->[androidx.core:core:1.9.0] AndroidManifest.xml:28:18-86
57        android:debuggable="true"
58        android:enableOnBackInvokedCallback="true"
59        android:icon="@mipmap/ic_launcher"
60        android:label="ease_scan"
61        android:requestLegacyExternalStorage="true"
62        android:supportsRtl="true"
62-->[:edge_detection] AndroidManifest.xml:24:9-35
63        android:theme="@style/AppTheme" >
63-->[:edge_detection] AndroidManifest.xml:25:9-40
64        <activity
65            android:name="com.example.ease_scan.MainActivity"
66            android:configChanges="orientation|keyboardHidden|keyboard|screenSize|smallestScreenSize|locale|layoutDirection|fontScale|screenLayout|density|uiMode"
67            android:exported="true"
68            android:hardwareAccelerated="true"
69            android:launchMode="singleTop"
70            android:theme="@style/LaunchTheme"
71            android:windowSoftInputMode="adjustResize" >
72
73            <!--
74                 Specifies an Android theme to apply to this Activity as soon as
75                 the Android process has started. This theme is visible to the user
76                 while the Flutter UI initializes. After that, this theme continues
77                 to determine the Window background behind the Flutter UI.
78            -->
79            <meta-data
80                android:name="io.flutter.embedding.android.NormalTheme"
81                android:resource="@style/NormalTheme" />
82
83            <intent-filter>
84                <action android:name="android.intent.action.MAIN" />
85
86                <category android:name="android.intent.category.LAUNCHER" />
87            </intent-filter>
88        </activity>
89        <!--
90             Don't delete the meta-data below.
91             This is used by the Flutter tool to generate GeneratedPluginRegistrant.java
92        -->
93        <meta-data
94            android:name="flutterEmbedding"
95            android:value="2" />
96
97        <activity
97-->[:edge_detection] AndroidManifest.xml:26:9-29:52
98            android:name="com.sample.edgedetection.scan.ScanActivity"
98-->[:edge_detection] AndroidManifest.xml:27:13-70
99            android:launchMode="singleTask"
99-->[:edge_detection] AndroidManifest.xml:28:13-44
100            android:screenOrientation="portrait" />
100-->[:edge_detection] AndroidManifest.xml:29:13-49
101        <activity
101-->[:edge_detection] AndroidManifest.xml:30:9-33:52
102            android:name="com.sample.edgedetection.crop.CropActivity"
102-->[:edge_detection] AndroidManifest.xml:31:13-70
103            android:launchMode="singleTask"
103-->[:edge_detection] AndroidManifest.xml:32:13-44
104            android:screenOrientation="portrait" />
104-->[:edge_detection] AndroidManifest.xml:33:13-49
105
106        <uses-library
106-->[androidx.window:window:1.0.0-beta04] AndroidManifest.xml:25:9-27:40
107            android:name="androidx.window.extensions"
107-->[androidx.window:window:1.0.0-beta04] AndroidManifest.xml:26:13-54
108            android:required="false" />
108-->[androidx.window:window:1.0.0-beta04] AndroidManifest.xml:27:13-37
109        <uses-library
109-->[androidx.window:window:1.0.0-beta04] AndroidManifest.xml:28:9-30:40
110            android:name="androidx.window.sidecar"
110-->[androidx.window:window:1.0.0-beta04] AndroidManifest.xml:29:13-51
111            android:required="false" />
111-->[androidx.window:window:1.0.0-beta04] AndroidManifest.xml:30:13-37
112
113        <provider
113-->[androidx.emoji2:emoji2:1.2.0] AndroidManifest.xml:24:9-32:20
114            android:name="androidx.startup.InitializationProvider"
114-->[androidx.emoji2:emoji2:1.2.0] AndroidManifest.xml:25:13-67
115            android:authorities="com.example.ease_scan.androidx-startup"
115-->[androidx.emoji2:emoji2:1.2.0] AndroidManifest.xml:26:13-68
116            android:exported="false" >
116-->[androidx.emoji2:emoji2:1.2.0] AndroidManifest.xml:27:13-37
117            <meta-data
117-->[androidx.emoji2:emoji2:1.2.0] AndroidManifest.xml:29:13-31:52
118                android:name="androidx.emoji2.text.EmojiCompatInitializer"
118-->[androidx.emoji2:emoji2:1.2.0] AndroidManifest.xml:30:17-75
119                android:value="androidx.startup" />
119-->[androidx.emoji2:emoji2:1.2.0] AndroidManifest.xml:31:17-49
120            <meta-data
120-->[androidx.lifecycle:lifecycle-process:2.4.1] AndroidManifest.xml:31:13-33:52
121                android:name="androidx.lifecycle.ProcessLifecycleInitializer"
121-->[androidx.lifecycle:lifecycle-process:2.4.1] AndroidManifest.xml:32:17-78
122                android:value="androidx.startup" />
122-->[androidx.lifecycle:lifecycle-process:2.4.1] AndroidManifest.xml:33:17-49
123        </provider>
124    </application>
125
126</manifest>